# JRE version: OpenJDK Runtime Environment GraalVM CE 22.3.0 (17.0.5+8) (build 17.0.5+8-jvmci-22.3-b08)
# Java VM: OpenJDK 64-Bit Server VM GraalVM CE 22.3.0 (17.0.5+8-jvmci-22.3-b08, mixed mode, sharing, tiered, jvmci, jvmci compiler, compressed oops, compressed class ptrs, parallel gc, linux-amd64)
GC Precious Log:
 CPUs: 8 total, 1 available
 Memory: 1024M
 Large Page Support: Disabled
 NUMA Support: Disabled
 Compressed Oops: Enabled (32-bit)
 Alignments: Space 512K, Generation 512K, Heap 2M
 Heap Min Capacity: 100M
 Heap Initial Capacity: 100M
 Heap Max Capacity: 512M
 Pre-touch: Disabled
 Parallel Workers: 1
Heap:
 PSYoungGen      total 37376K, used 21503K [0x00000000f5580000, 0x00000000f8b80000, 0x0000000100000000)
  eden space 21504K, 99% used [0x00000000f5580000,0x00000000f6a7fff8,0x00000000f6a80000)
  from space 15872K, 0% used [0x00000000f7c00000,0x00000000f7c00000,0x00000000f8b80000)
  to   space 13824K, 0% used [0x00000000f6a80000,0x00000000f6a80000,0x00000000f7800000)
 ParOldGen       total 349696K, used 349691K [0x00000000e0000000, 0x00000000f5580000, 0x00000000f5580000)
  object space 349696K, 99% used [0x00000000e0000000,0x00000000f557eeb0,0x00000000f5580000)
 Metaspace       used 61090K, committed 62080K, reserved 1105920K
  class space    used 6018K, committed 6400K, reserved 1048576K
GC Heap History (20 events):
Event: 1239.721 GC heap before
{Heap before GC invocations=1150 (full 1054):
 PSYoungGen      total 37376K, used 21503K [0x00000000f5580000, 0x00000000f8b80000, 0x0000000100000000)
  eden space 21504K, 99% used [0x00000000f5580000,0x00000000f6a7fff8,0x00000000f6a80000)
  from space 15872K, 0% used [0x00000000f7c00000,0x00000000f7c00000,0x00000000f8b80000)
  to   space 13824K, 0% used [0x00000000f6a80000,0x00000000f6a80000,0x00000000f7800000)
 ParOldGen       total 349696K, used 349693K [0x00000000e0000000, 0x00000000f5580000, 0x00000000f5580000)
  object space 349696K, 99% used [0x00000000e0000000,0x00000000f557f420,0x00000000f5580000)
 Metaspace       used 61090K, committed 62080K, reserved 1105920K
  class space    used 6018K, committed 6400K, reserved 1048576K
}
Event: 1240.959 GC heap after
{Heap after GC invocations=1150 (full 1054):
 PSYoungGen      total 35328K, used 21503K [0x00000000f5580000, 0x00000000f8b80000, 0x0000000100000000)
  eden space 21504K, 99% used [0x00000000f5580000,0x00000000f6a7fff8,0x00000000f6a80000)
  from space 13824K, 0% used [0x00000000f6a80000,0x00000000f6a80000,0x00000000f7800000)
  to   space 15872K, 0% used [0x00000000f7c00000,0x00000000f7c00000,0x00000000f8b80000)
 ParOldGen       total 349696K, used 349693K [0x00000000e0000000, 0x00000000f5580000, 0x00000000f5580000)
  object space 349696K, 99% used [0x00000000e0000000,0x00000000f557f420,0x00000000f5580000)
 Metaspace       used 61090K, committed 62080K, reserved 1105920K
  class space    used 6018K, committed 6400K, reserved 1048576K
}
Event: 1240.960 GC heap before
{Heap before GC invocations=1151 (full 1055):
 PSYoungGen      total 35328K, used 21503K [0x00000000f5580000, 0x00000000f8b80000, 0x0000000100000000)
  eden space 21504K, 99% used [0x00000000f5580000,0x00000000f6a7fff8,0x00000000f6a80000)
  from space 13824K, 0% used [0x00000000f6a80000,0x00000000f6a80000,0x00000000f7800000)
  to   space 15872K, 0% used [0x00000000f7c00000,0x00000000f7c00000,0x00000000f8b80000)
 ParOldGen       total 349696K, used 349695K [0x00000000e0000000, 0x00000000f5580000, 0x00000000f5580000)
  object space 349696K, 99% used [0x00000000e0000000,0x00000000f557fde0,0x00000000f5580000)
 Metaspace       used 61090K, committed 62080K, reserved 1105920K
  class space    used 6018K, committed 6400K, reserved 1048576K
}
Event: 1242.224 GC heap after
{Heap after GC invocations=1151 (full 1055):
 PSYoungGen      total 37376K, used 21503K [0x00000000f5580000, 0x00000000f8b80000, 0x0000000100000000)
  eden space 21504K, 99% used [0x00000000f5580000,0x00000000f6a7ff78,0x00000000f6a80000)
  from space 15872K, 0% used [0x00000000f7c00000,0x00000000f7c00000,0x00000000f8b80000)
  to   space 13824K, 0% used [0x00000000f6a80000,0x00000000f6a80000,0x00000000f7800000)
 ParOldGen       total 349696K, used 349693K [0x00000000e0000000, 0x00000000f5580000, 0x00000000f5580000)
  object space 349696K, 99% used [0x00000000e0000000,0x00000000f557f480,0x00000000f5580000)
 Metaspace       used 61090K, committed 62080K, reserved 1105920K
  class space    used 6018K, committed 6400K, reserved 1048576K
}
Event: 1242.224 GC heap before
{Heap before GC invocations=1152 (full 1056):
 PSYoungGen      total 37376K, used 21503K [0x00000000f5580000, 0x00000000f8b80000, 0x0000000100000000)
  eden space 21504K, 99% used [0x00000000f5580000,0x00000000f6a7ffe8,0x00000000f6a80000)
  from space 15872K, 0% used [0x00000000f7c00000,0x00000000f7c00000,0x00000000f8b80000)
  to   space 13824K, 0% used [0x00000000f6a80000,0x00000000f6a80000,0x00000000f7800000)
 ParOldGen       total 349696K, used 349693K [0x00000000e0000000, 0x00000000f5580000, 0x00000000f5580000)
  object space 349696K, 99% used [0x00000000e0000000,0x00000000f557f480,0x00000000f5580000)
 Metaspace       used 61090K, committed 62080K, reserved 1105920K
  class space    used 6018K, committed 6400K, reserved 1048576K
}
Event: 1243.461 GC heap after
{Heap after GC invocations=1152 (full 1056):
 PSYoungGen      total 35328K, used 21503K [0x00000000f5580000, 0x00000000f8b80000, 0x0000000100000000)
  eden space 21504K, 99% used [0x00000000f5580000,0x00000000f6a7ffb8,0x00000000f6a80000)
  from space 13824K, 0% used [0x00000000f6a80000,0x00000000f6a80000,0x00000000f7800000)
  to   space 15872K, 0% used [0x00000000f7c00000,0x00000000f7c00000,0x00000000f8b80000)
 ParOldGen       total 349696K, used 349693K [0x00000000e0000000, 0x00000000f5580000, 0x00000000f5580000)
  object space 349696K, 99% used [0x00000000e0000000,0x00000000f557f430,0x00000000f5580000)
 Metaspace       used 61090K, committed 62080K, reserved 1105920K
  class space    used 6018K, committed 6400K, reserved 1048576K
}
Event: 1243.461 GC heap before
{Heap before GC invocations=1153 (full 1057):
 PSYoungGen      total 35328K, used 21503K [0x00000000f5580000, 0x00000000f8b80000, 0x0000000100000000)
  eden space 21504K, 99% used [0x00000000f5580000,0x00000000f6a7fff8,0x00000000f6a80000)
  from space 13824K, 0% used [0x00000000f6a80000,0x00000000f6a80000,0x00000000f7800000)
  to   space 15872K, 0% used [0x00000000f7c00000,0x00000000f7c00000,0x00000000f8b80000)
 ParOldGen       total 349696K, used 349693K [0x00000000e0000000, 0x00000000f5580000, 0x00000000f5580000)
  object space 349696K, 99% used [0x00000000e0000000,0x00000000f557f430,0x00000000f5580000)
 Metaspace       used 61090K, committed 62080K, reserved 1105920K
  class space    used 6018K, committed 6400K, reserved 1048576K
}
Event: 1244.708 GC heap after
{Heap after GC invocations=1153 (full 1057):
 PSYoungGen      total 37376K, used 21503K [0x00000000f5580000, 0x00000000f8b80000, 0x0000000100000000)
  eden space 21504K, 99% used [0x00000000f5580000,0x00000000f6a7ffd8,0x00000000f6a80000)
  from space 15872K, 0% used [0x00000000f7c00000,0x00000000f7c00000,0x00000000f8b80000)
  to   space 13824K, 0% used [0x00000000f6a80000,0x00000000f6a80000,0x00000000f7800000)
 ParOldGen       total 349696K, used 349693K [0x00000000e0000000, 0x00000000f5580000, 0x00000000f5580000)
  object space 349696K, 99% used [0x00000000e0000000,0x00000000f557f430,0x00000000f5580000)
 Metaspace       used 61090K, committed 62080K, reserved 1105920K
  class space    used 6018K, committed 6400K, reserved 1048576K
}
Event: 1244.709 GC heap before
{Heap before GC invocations=1154 (full 1058):
 PSYoungGen      total 37376K, used 21503K [0x00000000f5580000, 0x00000000f8b80000, 0x0000000100000000)
  eden space 21504K, 99% used [0x00000000f5580000,0x00000000f6a7fff0,0x00000000f6a80000)
  from space 15872K, 0% used [0x00000000f7c00000,0x00000000f7c00000,0x00000000f8b80000)
  to   space 13824K, 0% used [0x00000000f6a80000,0x00000000f6a80000,0x00000000f7800000)
 ParOldGen       total 349696K, used 349693K [0x00000000e0000000, 0x00000000f5580000, 0x00000000f5580000)
  object space 349696K, 99% used [0x00000000e0000000,0x00000000f557f430,0x00000000f5580000)
 Metaspace       used 61090K, committed 62080K, reserved 1105920K
  class space    used 6018K, committed 6400K, reserved 1048576K
}
Event: 1245.931 GC heap after
{Heap after GC invocations=1154 (full 1058):
 PSYoungGen      total 35328K, used 21503K [0x00000000f5580000, 0x00000000f8b80000, 0x0000000100000000)
  eden space 21504K, 99% used [0x00000000f5580000,0x00000000f6a7fff0,0x00000000f6a80000)
  from space 13824K, 0% used [0x00000000f6a80000,0x00000000f6a80000,0x00000000f7800000)
  to   space 15872K, 0% used [0x00000000f7c00000,0x00000000f7c00000,0x00000000f8b80000)
 ParOldGen       total 349696K, used 349693K [0x00000000e0000000, 0x00000000f5580000, 0x00000000f5580000)
  object space 349696K, 99% used [0x00000000e0000000,0x00000000f557f430,0x00000000f5580000)
 Metaspace       used 61090K, committed 62080K, reserved 1105920K
  class space    used 6018K, committed 6400K, reserved 1048576K
}
Event: 1245.931 GC heap before
{Heap before GC invocations=1155 (full 1059):
 PSYoungGen      total 35328K, used 21504K [0x00000000f5580000, 0x00000000f8b80000, 0x0000000100000000)
  eden space 21504K, 100% used [0x00000000f5580000,0x00000000f6a80000,0x00000000f6a80000)
  from space 13824K, 0% used [0x00000000f6a80000,0x00000000f6a80000,0x00000000f7800000)
  to   space 15872K, 0% used [0x00000000f7c00000,0x00000000f7c00000,0x00000000f8b80000)
 ParOldGen       total 349696K, used 349693K [0x00000000e0000000, 0x00000000f5580000, 0x00000000f5580000)
  object space 349696K, 99% used [0x00000000e0000000,0x00000000f557f508,0x00000000f5580000)
 Metaspace       used 61090K, committed 62080K, reserved 1105920K
  class space    used 6018K, committed 6400K, reserved 1048576K
}
Event: 1247.228 GC heap after
{Heap after GC invocations=1155 (full 1059):
 PSYoungGen      total 37376K, used 21503K [0x00000000f5580000, 0x00000000f8b80000, 0x0000000100000000)
  eden space 21504K, 99% used [0x00000000f5580000,0x00000000f6a7ffd0,0x00000000f6a80000)
  from space 15872K, 0% used [0x00000000f7c00000,0x00000000f7c00000,0x00000000f8b80000)
  to   space 13824K, 0% used [0x00000000f6a80000,0x00000000f6a80000,0x00000000f7800000)
 ParOldGen       total 349696K, used 349693K [0x00000000e0000000, 0x00000000f5580000, 0x00000000f5580000)
  object space 349696K, 99% used [0x00000000e0000000,0x00000000f557f468,0x00000000f5580000)
 Metaspace       used 61090K, committed 62080K, reserved 1105920K
  class space    used 6018K, committed 6400K, reserved 1048576K
}
Event: 1247.228 GC heap before
{Heap before GC invocations=1156 (full 1060):
 PSYoungGen      total 37376K, used 21503K [0x00000000f5580000, 0x00000000f8b80000, 0x0000000100000000)
  eden space 21504K, 99% used [0x00000000f5580000,0x00000000f6a7fff8,0x00000000f6a80000)
  from space 15872K, 0% used [0x00000000f7c00000,0x00000000f7c00000,0x00000000f8b80000)
  to   space 13824K, 0% used [0x00000000f6a80000,0x00000000f6a80000,0x00000000f7800000)
 ParOldGen       total 349696K, used 349696K [0x00000000e0000000, 0x00000000f5580000, 0x00000000f5580000)
  object space 349696K, 100% used [0x00000000e0000000,0x00000000f5580000,0x00000000f5580000)
 Metaspace       used 61090K, committed 62080K, reserved 1105920K
  class space    used 6018K, committed 6400K, reserved 1048576K
}
Event: 1248.313 GC heap after
{Heap after GC invocations=1156 (full 1060):
 PSYoungGen      total 35328K, used 21503K [0x00000000f5580000, 0x00000000f8b80000, 0x0000000100000000)
  eden space 21504K, 99% used [0x00000000f5580000,0x00000000f6a7ffb8,0x00000000f6a80000)
  from space 13824K, 0% used [0x00000000f6a80000,0x00000000f6a80000,0x00000000f7800000)
  to   space 15872K, 0% used [0x00000000f7c00000,0x00000000f7c00000,0x00000000f8b80000)
 ParOldGen       total 349696K, used 349696K [0x00000000e0000000, 0x00000000f5580000, 0x00000000f5580000)
  object space 349696K, 100% used [0x00000000e0000000,0x00000000f5580000,0x00000000f5580000)
 Metaspace       used 61090K, committed 62080K, reserved 1105920K
  class space    used 6018K, committed 6400K, reserved 1048576K
}
Event: 1248.313 GC heap before
{Heap before GC invocations=1157 (full 1061):
 PSYoungGen      total 35328K, used 21503K [0x00000000f5580000, 0x00000000f8b80000, 0x0000000100000000)
  eden space 21504K, 99% used [0x00000000f5580000,0x00000000f6a7fff8,0x00000000f6a80000)
  from space 13824K, 0% used [0x00000000f6a80000,0x00000000f6a80000,0x00000000f7800000)
  to   space 15872K, 0% used [0x00000000f7c00000,0x00000000f7c00000,0x00000000f8b80000)
 ParOldGen       total 349696K, used 349696K [0x00000000e0000000, 0x00000000f5580000, 0x00000000f5580000)
  object space 349696K, 100% used [0x00000000e0000000,0x00000000f5580000,0x00000000f5580000)
 Metaspace       used 61090K, committed 62080K, reserved 1105920K
  class space    used 6018K, committed 6400K, reserved 1048576K
}
Event: 1249.543 GC heap after
{Heap after GC invocations=1157 (full 1061):
 PSYoungGen      total 37376K, used 21503K [0x00000000f5580000, 0x00000000f8b80000, 0x0000000100000000)
  eden space 21504K, 99% used [0x00000000f5580000,0x00000000f6a7fff8,0x00000000f6a80000)
  from space 15872K, 0% used [0x00000000f7c00000,0x00000000f7c00000,0x00000000f8b80000)
  to   space 13824K, 0% used [0x00000000f6a80000,0x00000000f6a80000,0x00000000f7800000)
 ParOldGen       total 349696K, used 349696K [0x00000000e0000000, 0x00000000f5580000, 0x00000000f5580000)
  object space 349696K, 100% used [0x00000000e0000000,0x00000000f5580000,0x00000000f5580000)
 Metaspace       used 61090K, committed 62080K, reserved 1105920K
  class space    used 6018K, committed 6400K, reserved 1048576K
}
Event: 1249.543 GC heap before
{Heap before GC invocations=1158 (full 1062):
 PSYoungGen      total 37376K, used 21503K [0x00000000f5580000, 0x00000000f8b80000, 0x0000000100000000)
  eden space 21504K, 99% used [0x00000000f5580000,0x00000000f6a7fff8,0x00000000f6a80000)
  from space 15872K, 0% used [0x00000000f7c00000,0x00000000f7c00000,0x00000000f8b80000)
  to   space 13824K, 0% used [0x00000000f6a80000,0x00000000f6a80000,0x00000000f7800000)
 ParOldGen       total 349696K, used 349696K [0x00000000e0000000, 0x00000000f5580000, 0x00000000f5580000)
  object space 349696K, 100% used [0x00000000e0000000,0x00000000f5580000,0x00000000f5580000)
 Metaspace       used 61090K, committed 62080K, reserved 1105920K
  class space    used 6018K, committed 6400K, reserved 1048576K
}
Event: 1250.713 GC heap after
{Heap after GC invocations=1158 (full 1062):
 PSYoungGen      total 35328K, used 21503K [0x00000000f5580000, 0x00000000f8b80000, 0x0000000100000000)
  eden space 21504K, 99% used [0x00000000f5580000,0x00000000f6a7fff8,0x00000000f6a80000)
  from space 13824K, 0% used [0x00000000f6a80000,0x00000000f6a80000,0x00000000f7800000)
  to   space 15872K, 0% used [0x00000000f7c00000,0x00000000f7c00000,0x00000000f8b80000)
 ParOldGen       total 349696K, used 349696K [0x00000000e0000000, 0x00000000f5580000, 0x00000000f5580000)
  object space 349696K, 100% used [0x00000000e0000000,0x00000000f5580000,0x00000000f5580000)
 Metaspace       used 61090K, committed 62080K, reserved 1105920K
  class space    used 6018K, committed 6400K, reserved 1048576K
}
Event: 1250.713 GC heap before
{Heap before GC invocations=1159 (full 1063):
 PSYoungGen      total 35328K, used 21503K [0x00000000f5580000, 0x00000000f8b80000, 0x0000000100000000)
  eden space 21504K, 99% used [0x00000000f5580000,0x00000000f6a7fff8,0x00000000f6a80000)
  from space 13824K, 0% used [0x00000000f6a80000,0x00000000f6a80000,0x00000000f7800000)
  to   space 15872K, 0% used [0x00000000f7c00000,0x00000000f7c00000,0x00000000f8b80000)
 ParOldGen       total 349696K, used 349696K [0x00000000e0000000, 0x00000000f5580000, 0x00000000f5580000)
  object space 349696K, 100% used [0x00000000e0000000,0x00000000f5580000,0x00000000f5580000)
 Metaspace       used 61090K, committed 62080K, reserved 1105920K
  class space    used 6018K, committed 6400K, reserved 1048576K
}
Event: 1252.004 GC heap after
{Heap after GC invocations=1159 (full 1063):
 PSYoungGen      total 37376K, used 21503K [0x00000000f5580000, 0x00000000f8b80000, 0x0000000100000000)
  eden space 21504K, 99% used [0x00000000f5580000,0x00000000f6a7ff90,0x00000000f6a80000)
  from space 15872K, 0% used [0x00000000f7c00000,0x00000000f7c00000,0x00000000f8b80000)
  to   space 13824K, 0% used [0x00000000f6a80000,0x00000000f6a80000,0x00000000f7800000)
 ParOldGen       total 349696K, used 349691K [0x00000000e0000000, 0x00000000f5580000, 0x00000000f5580000)
  object space 349696K, 99% used [0x00000000e0000000,0x00000000f557eeb0,0x00000000f5580000)
 Metaspace       used 61090K, committed 62080K, reserved 1105920K
  class space    used 6018K, committed 6400K, reserved 1048576K
}

